tests/mypy_function_wrapper_t7.py:20: error: Missing return statement  [empty-body]
tests/mypy_function_wrapper_t7.py:26: error: Argument 2 to "FunctionWrapper" has incompatible type "Callable[[str, Any, tuple[Any, ...], dict[str, Any]], str]"; expected "Callable[[Callable[[VarArg(Any), KwArg(Any)], Any], Any, tuple[Any, ...], dict[str, Any]], Any]"  [arg-type]
Found 2 errors in 1 file (checked 1 source file)
