tests/mypy/mypy_decorator_t1.py:29: error: Incompatible types in assignment (expression has type "int", variable has type "str")  [assignment]
tests/mypy/mypy_decorator_t1.py:32: error: Too few arguments for "__call__" of "FunctionWrapper"  [call-arg]
tests/mypy/mypy_decorator_t1.py:37: error: Argument 1 to "__call__" of "FunctionWrapper" has incompatible type "str"; expected "int"  [arg-type]
tests/mypy/mypy_decorator_t1.py:40: error: Too many arguments for "__call__" of "FunctionWrapper"  [call-arg]
tests/mypy/mypy_decorator_t1.py:60: error: Too few arguments for "__call__" of "FunctionWrapper"  [call-arg]
tests/mypy/mypy_decorator_t1.py:65: error: Argument 1 to "__call__" of "FunctionWrapper" has incompatible type "str"; expected "int"  [arg-type]
tests/mypy/mypy_decorator_t1.py:68: error: Too many arguments for "__call__" of "FunctionWrapper"  [call-arg]
tests/mypy/mypy_decorator_t1.py:97: error: Incompatible types in assignment (expression has type "str", variable has type "int")  [assignment]
tests/mypy/mypy_decorator_t1.py:100: error: Too few arguments for "function3"  [call-arg]
tests/mypy/mypy_decorator_t1.py:105: error: Argument 1 to "function3" has incompatible type "str"; expected "int"  [arg-type]
tests/mypy/mypy_decorator_t1.py:108: error: Too many arguments for "function3"  [call-arg]
tests/mypy/mypy_decorator_t1.py:133: error: Too few arguments for "__call__" of "FunctionWrapper"  [call-arg]
tests/mypy/mypy_decorator_t1.py:138: error: Argument 1 to "__call__" of "FunctionWrapper" has incompatible type "str"; expected "int"  [arg-type]
tests/mypy/mypy_decorator_t1.py:141: error: Too many arguments for "__call__" of "FunctionWrapper"  [call-arg]
Found 14 errors in 1 file (checked 1 source file)
