tests/mypy/mypy_decorator_t1.py:32: error: Incompatible types in assignment (expression has type "int", variable has type "str")  [assignment]
tests/mypy/mypy_decorator_t1.py:35: error: Missing positional argument "x" in call to "__call__" of "FunctionWrapper"  [call-arg]
tests/mypy/mypy_decorator_t1.py:40: error: Argument 1 to "__call__" of "FunctionWrapper" has incompatible type "str"; expected "int"  [arg-type]
tests/mypy/mypy_decorator_t1.py:43: error: Too many arguments for "__call__" of "FunctionWrapper"  [call-arg]
tests/mypy/mypy_decorator_t1.py:63: error: Missing positional argument "x" in call to "__call__" of "FunctionWrapper"  [call-arg]
tests/mypy/mypy_decorator_t1.py:68: error: Argument 1 to "__call__" of "FunctionWrapper" has incompatible type "str"; expected "int"  [arg-type]
tests/mypy/mypy_decorator_t1.py:71: error: Too many arguments for "__call__" of "FunctionWrapper"  [call-arg]
tests/mypy/mypy_decorator_t1.py:88: error: Incompatible return value type (got "FunctionWrapper[[int], int]", expected "Callable[[int], str]")  [return-value]
tests/mypy/mypy_decorator_t1.py:88: note: "FunctionWrapper[[int], int].__call__" has type "Callable[[int], int]"
tests/mypy/mypy_decorator_t1.py:100: error: Incompatible types in assignment (expression has type "str", variable has type "int")  [assignment]
tests/mypy/mypy_decorator_t1.py:103: error: Too few arguments for "function3"  [call-arg]
tests/mypy/mypy_decorator_t1.py:108: error: Argument 1 to "function3" has incompatible type "str"; expected "int"  [arg-type]
tests/mypy/mypy_decorator_t1.py:111: error: Too many arguments for "function3"  [call-arg]
tests/mypy/mypy_decorator_t1.py:130: error: Incompatible types in assignment (expression has type "int", variable has type "str")  [assignment]
tests/mypy/mypy_decorator_t1.py:136: error: Missing positional argument "x" in call to "__call__" of "FunctionWrapper"  [call-arg]
tests/mypy/mypy_decorator_t1.py:141: error: Argument 1 to "__call__" of "FunctionWrapper" has incompatible type "str"; expected "int"  [arg-type]
tests/mypy/mypy_decorator_t1.py:144: error: Too many arguments for "__call__" of "FunctionWrapper"  [call-arg]
tests/mypy/mypy_decorator_t1.py:166: error: Incompatible return value type (got "FunctionWrapper[[int], int]", expected "Callable[[int, int], str]")  [return-value]
tests/mypy/mypy_decorator_t1.py:166: note: "FunctionWrapper[[int], int].__call__" has type "Callable[[int], int]"
Found 17 errors in 1 file (checked 1 source file)
