tests/mypy/mypy_function_wrapper_fn_t7.py:30: error: Missing positional argument "x" in call to "__call__" of "FunctionWrapper"  [call-arg]
tests/mypy/mypy_function_wrapper_fn_t7.py:68: error: Missing positional arguments "value", "name" in call to "__call__" of "BoundFunctionWrapper"  [call-arg]
tests/mypy/mypy_function_wrapper_fn_t7.py:71: error: Missing positional arguments "value", "name" in call to "__call__" of "BoundFunctionWrapper"  [call-arg]
tests/mypy/mypy_function_wrapper_fn_t7.py:74: error: Missing positional argument "name" in call to "__call__" of "BoundFunctionWrapper"  [call-arg]
tests/mypy/mypy_function_wrapper_fn_t7.py:78: error: Too many arguments for "__call__" of "BoundFunctionWrapper"  [call-arg]
tests/mypy/mypy_function_wrapper_fn_t7.py:78: error: Argument 1 to "__call__" of "BoundFunctionWrapper" has incompatible type "int"; expected "str"  [arg-type]
tests/mypy/mypy_function_wrapper_fn_t7.py:83: error: Missing positional arguments "cls", "value", "name" in call to "__call__" of "FunctionWrapper"  [call-arg]
tests/mypy/mypy_function_wrapper_fn_t7.py:86: error: Missing positional arguments "value", "name" in call to "__call__" of "FunctionWrapper"  [call-arg]
tests/mypy/mypy_function_wrapper_fn_t7.py:88: error: Missing positional argument "name" in call to "__call__" of "FunctionWrapper"  [call-arg]
tests/mypy/mypy_function_wrapper_fn_t7.py:88: error: Argument 1 to "__call__" of "FunctionWrapper" has incompatible type "int"; expected "type[ExampleClass1]"  [arg-type]
tests/mypy/mypy_function_wrapper_fn_t7.py:88: error: Argument 2 to "__call__" of "FunctionWrapper" has incompatible type "str"; expected "int"  [arg-type]
tests/mypy/mypy_function_wrapper_fn_t7.py:110: error: Missing positional argument "x" in call to "__call__" of "FunctionWrapper"  [call-arg]
tests/mypy/mypy_function_wrapper_fn_t7.py:147: error: Too many arguments for "__call__" of "BoundFunctionWrapper"  [call-arg]
tests/mypy/mypy_function_wrapper_fn_t7.py:152: error: Missing positional argument "value" in call to "__call__" of "BoundFunctionWrapper"  [call-arg]
tests/mypy/mypy_function_wrapper_fn_t7.py:153: error: Missing positional argument "value" in call to "__call__" of "BoundFunctionWrapper"  [call-arg]
tests/mypy/mypy_function_wrapper_fn_t7.py:156: error: Missing positional argument "value" in call to "__call__" of "BoundFunctionWrapper"  [call-arg]
tests/mypy/mypy_function_wrapper_fn_t7.py:183: error: Missing positional argument "x" in call to "__call__" of "FunctionWrapper"  [call-arg]
Found 17 errors in 1 file (checked 1 source file)
